2023-12-12 07:20:20,688 [Worker-2: Loading available Gradle versions] INFO  o.e.b.c.i.u.g.PublishedGradleVersions - Gradle version information cache is out-of-date. Trying to update.
2023-12-12 07:20:31,525 [Worker-2: Loading available Gradle versions] INFO  o.e.b.c.i.u.g.PublishedGradleVersions - Updating Gradle version information cache failed. Using outdated cache.
2023-12-12 07:21:02,690 [Worker-2: Importing Maven projects] INFO  o.e.m.c.i.l.LifecycleMappingFactory - Using org.eclipse.m2e.jdt.JarLifecycleMapping lifecycle mapping for MavenProject: tp.ensim:TP3-INFO2:0.0.1-SNAPSHOT @ C:\Users\kasso\Documents\TP_POO_API_Partie2_SANOGO_KASSOUM\TP4_API_POO\TP4\TP4\TP3-INFO2\TP3-INFO2\pom.xml.
2023-12-12 07:21:06,906 [Worker-2: Importing Maven projects] WARN  o.e.m.c.i.embedder.EclipseLogger - The artifact mysql:mysql-connector-java:jar:8.0.31 has been relocated to com.mysql:mysql-connector-j:jar:8.0.31: MySQL Connector/J artifacts moved to reverse-DNS compliant Maven 2+ coordinates.
2023-12-12 07:21:16,155 [Worker-2: Importing Maven projects] INFO  o.e.m.j.i.AbstractJavaProjectConfigurator - Adding source folder /TP3-INFO2/src/main/java
2023-12-12 07:21:16,156 [Worker-2: Importing Maven projects] INFO  o.e.m.j.i.AbstractJavaProjectConfigurator - Adding resource folder /TP3-INFO2/src/main/resources
2023-12-12 07:21:16,157 [Worker-2: Importing Maven projects] INFO  o.e.m.j.i.AbstractJavaProjectConfigurator - Adding resource folder /TP3-INFO2/src/main/resources
2023-12-12 07:21:16,161 [Worker-2: Importing Maven projects] INFO  o.e.m.j.i.AbstractJavaProjectConfigurator - Adding source folder /TP3-INFO2/src/test/java
2023-12-12 07:21:16,161 [Worker-2: Importing Maven projects] INFO  o.e.m.j.i.AbstractJavaProjectConfigurator - Adding resource folder /TP3-INFO2/src/test/resources
2023-12-12 07:21:16,572 [Worker-2: Importing Maven projects] INFO  o.e.m.c.i.p.ProjectConfigurationManager - Imported and configured 1 project(s) in 23 sec
2023-12-12 07:21:17,523 [Worker-27: Updating Maven Project] INFO  o.e.m.c.i.p.ProjectConfigurationManager - Update started
2023-12-12 07:21:18,195 [Worker-27: Updating Maven Project] INFO  o.e.m.c.i.l.LifecycleMappingFactory - Using org.eclipse.m2e.jdt.JarLifecycleMapping lifecycle mapping for MavenProject: tp.ensim:TP3-INFO2:0.0.1-SNAPSHOT @ C:\Users\kasso\Documents\TP_POO_API_Partie2_SANOGO_KASSOUM\TP4_API_POO\TP4\TP4\TP3-INFO2\TP3-INFO2\pom.xml.
2023-12-12 07:21:18,709 [Worker-27: Updating Maven Project] WARN  o.e.m.c.i.embedder.EclipseLogger - The artifact mysql:mysql-connector-java:jar:8.0.31 has been relocated to com.mysql:mysql-connector-j:jar:8.0.31: MySQL Connector/J artifacts moved to reverse-DNS compliant Maven 2+ coordinates.
2023-12-12 07:21:19,603 [Worker-27: Updating Maven Project] INFO  o.e.m.j.i.AbstractJavaProjectConfigurator - Adding source folder /TP3-INFO2/src/main/java
2023-12-12 07:21:19,603 [Worker-27: Updating Maven Project] INFO  o.e.m.j.i.AbstractJavaProjectConfigurator - Adding resource folder /TP3-INFO2/src/main/resources
2023-12-12 07:21:19,604 [Worker-27: Updating Maven Project] INFO  o.e.m.j.i.AbstractJavaProjectConfigurator - Adding resource folder /TP3-INFO2/src/main/resources
2023-12-12 07:21:19,605 [Worker-27: Updating Maven Project] INFO  o.e.m.j.i.AbstractJavaProjectConfigurator - Adding source folder /TP3-INFO2/src/test/java
2023-12-12 07:21:19,605 [Worker-27: Updating Maven Project] INFO  o.e.m.j.i.AbstractJavaProjectConfigurator - Adding resource folder /TP3-INFO2/src/test/resources
2023-12-12 07:21:20,440 [Worker-27: Updating Maven Project] INFO  o.e.m.c.i.p.ProjectConfigurationManager - Update completed for 1 poms: local refresh takes 0,00 sec, refresh facades takes 1,00 sec, update config takes 0,00 sec 
2023-12-12 07:21:21,612 [Worker-26: Building] INFO  o.e.m.c.i.embedder.EclipseLogger - Using 'UTF-8' encoding to copy filtered resources.
2023-12-12 07:21:21,612 [Worker-26: Building] INFO  o.e.m.c.i.embedder.EclipseLogger - Using 'UTF-8' encoding to copy filtered properties files.
2023-12-12 07:21:21,623 [Worker-26: Building] INFO  o.e.m.c.i.embedder.EclipseLogger - Copying 1 resource
2023-12-12 07:21:21,671 [Worker-26: Building] INFO  o.e.m.c.i.embedder.EclipseLogger - Copying 48 resources
2023-12-12 07:21:23,678 [Worker-26: Building] INFO  o.e.m.c.i.embedder.EclipseLogger - Using 'UTF-8' encoding to copy filtered resources.
2023-12-12 07:21:23,678 [Worker-26: Building] INFO  o.e.m.c.i.embedder.EclipseLogger - Using 'UTF-8' encoding to copy filtered properties files.
2023-12-12 07:21:23,679 [Worker-26: Building] INFO  o.e.m.c.i.embedder.EclipseLogger - skip non existing resourceDirectory C:\Users\kasso\Documents\TP_POO_API_Partie2_SANOGO_KASSOUM\TP4_API_POO\TP4\TP4\TP3-INFO2\TP3-INFO2\src\test\resources
2023-12-19 16:51:53,713 [Worker-7: Loading available Gradle versions] INFO  o.e.b.c.i.u.g.PublishedGradleVersions - Gradle version information cache is out-of-date. Trying to update.
2023-12-19 16:52:01,181 [Worker-6: reload maven project] WARN  o.e.m.c.i.embedder.EclipseLogger - The artifact mysql:mysql-connector-java:jar:8.0.31 has been relocated to com.mysql:mysql-connector-j:jar:8.0.31: MySQL Connector/J artifacts moved to reverse-DNS compliant Maven 2+ coordinates.
2023-12-19 16:52:44,444 [Worker-27: Launching Executing install in C__Users_kasso_Documents_TP_POO_API_Partie2_SANOGO_KASSOUM_TP4_API_POO_TP4_TP4_TP3-INFO2_TP3-INFO2] INFO  o.eclipse.m2e.core.internal.Bundles - getClasspathEntries(Bundle=org.eclipse.m2e.maven.runtime_3.9.400.20230826-0755 [297])
2023-12-19 16:52:44,465 [Worker-27: Launching Executing install in C__Users_kasso_Documents_TP_POO_API_Partie2_SANOGO_KASSOUM_TP4_API_POO_TP4_TP4_TP3-INFO2_TP3-INFO2] INFO  o.eclipse.m2e.core.internal.Bundles - 	Entry: C:\Users\kasso\.p2\pool\plugins\org.eclipse.m2e.maven.runtime_3.9.400.20230826-0755
2023-12-19 16:52:44,466 [Worker-27: Launching Executing install in C__Users_kasso_Documents_TP_POO_API_Partie2_SANOGO_KASSOUM_TP4_API_POO_TP4_TP4_TP3-INFO2_TP3-INFO2] INFO  o.eclipse.m2e.core.internal.Bundles - 	Entry: C:\Users\kasso\.p2\pool\plugins\org.eclipse.m2e.maven.runtime_3.9.400.20230826-0755\jars\aether-connector-okhttp-0.17.8.jar
2023-12-19 16:52:44,466 [Worker-27: Launching Executing install in C__Users_kasso_Documents_TP_POO_API_Partie2_SANOGO_KASSOUM_TP4_API_POO_TP4_TP4_TP3-INFO2_TP3-INFO2] INFO  o.eclipse.m2e.core.internal.Bundles - 	Entry: C:\Users\kasso\.p2\pool\plugins\org.eclipse.m2e.maven.runtime_3.9.400.20230826-0755\jars\aopalliance-1.0.jar
2023-12-19 16:52:44,467 [Worker-27: Launching Executing install in C__Users_kasso_Documents_TP_POO_API_Partie2_SANOGO_KASSOUM_TP4_API_POO_TP4_TP4_TP3-INFO2_TP3-INFO2] INFO  o.eclipse.m2e.core.internal.Bundles - 	Entry: C:\Users\kasso\.p2\pool\plugins\org.eclipse.m2e.maven.runtime_3.9.400.20230826-0755\jars\commons-lang3-3.12.0.jar
2023-12-19 16:52:44,467 [Worker-27: Launching Executing install in C__Users_kasso_Documents_TP_POO_API_Partie2_SANOGO_KASSOUM_TP4_API_POO_TP4_TP4_TP3-INFO2_TP3-INFO2] INFO  o.eclipse.m2e.core.internal.Bundles - 	Entry: C:\Users\kasso\.p2\pool\plugins\org.eclipse.m2e.maven.runtime_3.9.400.20230826-0755\jars\guice-5.1.0.jar
2023-12-19 16:52:44,467 [Worker-27: Launching Executing install in C__Users_kasso_Documents_TP_POO_API_Partie2_SANOGO_KASSOUM_TP4_API_POO_TP4_TP4_TP3-INFO2_TP3-INFO2] INFO  o.eclipse.m2e.core.internal.Bundles - 	Entry: C:\Users\kasso\.p2\pool\plugins\org.eclipse.m2e.maven.runtime_3.9.400.20230826-0755\jars\jansi-2.4.0.jar
2023-12-19 16:52:44,468 [Worker-27: Launching Executing install in C__Users_kasso_Documents_TP_POO_API_Partie2_SANOGO_KASSOUM_TP4_API_POO_TP4_TP4_TP3-INFO2_TP3-INFO2] INFO  o.eclipse.m2e.core.internal.Bundles - 	Entry: C:\Users\kasso\.p2\pool\plugins\org.eclipse.m2e.maven.runtime_3.9.400.20230826-0755\jars\maven-artifact-3.9.4.jar
2023-12-19 16:52:44,469 [Worker-27: Launching Executing install in C__Users_kasso_Documents_TP_POO_API_Partie2_SANOGO_KASSOUM_TP4_API_POO_TP4_TP4_TP3-INFO2_TP3-INFO2] INFO  o.eclipse.m2e.core.internal.Bundles - 	Entry: C:\Users\kasso\.p2\pool\plugins\org.eclipse.m2e.maven.runtime_3.9.400.20230826-0755\jars\maven-builder-support-3.9.4.jar
2023-12-19 16:52:44,469 [Worker-27: Launching Executing install in C__Users_kasso_Documents_TP_POO_API_Partie2_SANOGO_KASSOUM_TP4_API_POO_TP4_TP4_TP3-INFO2_TP3-INFO2] INFO  o.eclipse.m2e.core.internal.Bundles - 	Entry: C:\Users\kasso\.p2\pool\plugins\org.eclipse.m2e.maven.runtime_3.9.400.20230826-0755\jars\maven-compat-3.9.4.jar
2023-12-19 16:52:44,470 [Worker-27: Launching Executing install in C__Users_kasso_Documents_TP_POO_API_Partie2_SANOGO_KASSOUM_TP4_API_POO_TP4_TP4_TP3-INFO2_TP3-INFO2] INFO  o.eclipse.m2e.core.internal.Bundles - 	Entry: C:\Users\kasso\.p2\pool\plugins\org.eclipse.m2e.maven.runtime_3.9.400.20230826-0755\jars\maven-core-3.9.4.jar
2023-12-19 16:52:44,470 [Worker-27: Launching Executing install in C__Users_kasso_Documents_TP_POO_API_Partie2_SANOGO_KASSOUM_TP4_API_POO_TP4_TP4_TP3-INFO2_TP3-INFO2] INFO  o.eclipse.m2e.core.internal.Bundles - 	Entry: C:\Users\kasso\.p2\pool\plugins\org.eclipse.m2e.maven.runtime_3.9.400.20230826-0755\jars\maven-embedder-3.9.4.jar
2023-12-19 16:52:44,470 [Worker-27: Launching Executing install in C__Users_kasso_Documents_TP_POO_API_Partie2_SANOGO_KASSOUM_TP4_API_POO_TP4_TP4_TP3-INFO2_TP3-INFO2] INFO  o.eclipse.m2e.core.internal.Bundles - 	Entry: C:\Users\kasso\.p2\pool\plugins\org.eclipse.m2e.maven.runtime_3.9.400.20230826-0755\jars\maven-model-3.9.4.jar
2023-12-19 16:52:44,471 [Worker-27: Launching Executing install in C__Users_kasso_Documents_TP_POO_API_Partie2_SANOGO_KASSOUM_TP4_API_POO_TP4_TP4_TP3-INFO2_TP3-INFO2] INFO  o.eclipse.m2e.core.internal.Bundles - 	Entry: C:\Users\kasso\.p2\pool\plugins\org.eclipse.m2e.maven.runtime_3.9.400.20230826-0755\jars\maven-model-builder-3.9.4.jar
2023-12-19 16:52:44,471 [Worker-27: Launching Executing install in C__Users_kasso_Documents_TP_POO_API_Partie2_SANOGO_KASSOUM_TP4_API_POO_TP4_TP4_TP3-INFO2_TP3-INFO2] INFO  o.eclipse.m2e.core.internal.Bundles - 	Entry: C:\Users\kasso\.p2\pool\plugins\org.eclipse.m2e.maven.runtime_3.9.400.20230826-0755\jars\maven-plugin-api-3.9.4.jar
2023-12-19 16:52:44,471 [Worker-27: Launching Executing install in C__Users_kasso_Documents_TP_POO_API_Partie2_SANOGO_KASSOUM_TP4_API_POO_TP4_TP4_TP3-INFO2_TP3-INFO2] INFO  o.eclipse.m2e.core.internal.Bundles - 	Entry: C:\Users\kasso\.p2\pool\plugins\org.eclipse.m2e.maven.runtime_3.9.400.20230826-0755\jars\maven-repository-metadata-3.9.4.jar
2023-12-19 16:52:44,472 [Worker-27: Launching Executing install in C__Users_kasso_Documents_TP_POO_API_Partie2_SANOGO_KASSOUM_TP4_API_POO_TP4_TP4_TP3-INFO2_TP3-INFO2] INFO  o.eclipse.m2e.core.internal.Bundles - 	Entry: C:\Users\kasso\.p2\pool\plugins\org.eclipse.m2e.maven.runtime_3.9.400.20230826-0755\jars\maven-resolver-api-1.9.14.jar
2023-12-19 16:52:44,472 [Worker-27: Launching Executing install in C__Users_kasso_Documents_TP_POO_API_Partie2_SANOGO_KASSOUM_TP4_API_POO_TP4_TP4_TP3-INFO2_TP3-INFO2] INFO  o.eclipse.m2e.core.internal.Bundles - 	Entry: C:\Users\kasso\.p2\pool\plugins\org.eclipse.m2e.maven.runtime_3.9.400.20230826-0755\jars\maven-resolver-connector-basic-1.9.14.jar
2023-12-19 16:52:44,472 [Worker-27: Launching Executing install in C__Users_kasso_Documents_TP_POO_API_Partie2_SANOGO_KASSOUM_TP4_API_POO_TP4_TP4_TP3-INFO2_TP3-INFO2] INFO  o.eclipse.m2e.core.internal.Bundles - 	Entry: C:\Users\kasso\.p2\pool\plugins\org.eclipse.m2e.maven.runtime_3.9.400.20230826-0755\jars\maven-resolver-impl-1.9.14.jar
2023-12-19 16:52:44,472 [Worker-27: Launching Executing install in C__Users_kasso_Documents_TP_POO_API_Partie2_SANOGO_KASSOUM_TP4_API_POO_TP4_TP4_TP3-INFO2_TP3-INFO2] INFO  o.eclipse.m2e.core.internal.Bundles - 	Entry: C:\Users\kasso\.p2\pool\plugins\org.eclipse.m2e.maven.runtime_3.9.400.20230826-0755\jars\maven-resolver-named-locks-1.9.14.jar
2023-12-19 16:52:44,473 [Worker-27: Launching Executing install in C__Users_kasso_Documents_TP_POO_API_Partie2_SANOGO_KASSOUM_TP4_API_POO_TP4_TP4_TP3-INFO2_TP3-INFO2] INFO  o.eclipse.m2e.core.internal.Bundles - 	Entry: C:\Users\kasso\.p2\pool\plugins\org.eclipse.m2e.maven.runtime_3.9.400.20230826-0755\jars\maven-resolver-provider-3.9.4.jar
2023-12-19 16:52:44,473 [Worker-27: Launching Executing install in C__Users_kasso_Documents_TP_POO_API_Partie2_SANOGO_KASSOUM_TP4_API_POO_TP4_TP4_TP3-INFO2_TP3-INFO2] INFO  o.eclipse.m2e.core.internal.Bundles - 	Entry: C:\Users\kasso\.p2\pool\plugins\org.eclipse.m2e.maven.runtime_3.9.400.20230826-0755\jars\maven-resolver-spi-1.9.14.jar
2023-12-19 16:52:44,473 [Worker-27: Launching Executing install in C__Users_kasso_Documents_TP_POO_API_Partie2_SANOGO_KASSOUM_TP4_API_POO_TP4_TP4_TP3-INFO2_TP3-INFO2] INFO  o.eclipse.m2e.core.internal.Bundles - 	Entry: C:\Users\kasso\.p2\pool\plugins\org.eclipse.m2e.maven.runtime_3.9.400.20230826-0755\jars\maven-resolver-transport-wagon-1.9.14.jar
2023-12-19 16:52:44,473 [Worker-27: Launching Executing install in C__Users_kasso_Documents_TP_POO_API_Partie2_SANOGO_KASSOUM_TP4_API_POO_TP4_TP4_TP3-INFO2_TP3-INFO2] INFO  o.eclipse.m2e.core.internal.Bundles - 	Entry: C:\Users\kasso\.p2\pool\plugins\org.eclipse.m2e.maven.runtime_3.9.400.20230826-0755\jars\maven-resolver-util-1.9.14.jar
2023-12-19 16:52:44,474 [Worker-27: Launching Executing install in C__Users_kasso_Documents_TP_POO_API_Partie2_SANOGO_KASSOUM_TP4_API_POO_TP4_TP4_TP3-INFO2_TP3-INFO2] INFO  o.eclipse.m2e.core.internal.Bundles - 	Entry: C:\Users\kasso\.p2\pool\plugins\org.eclipse.m2e.maven.runtime_3.9.400.20230826-0755\jars\maven-settings-3.9.4.jar
2023-12-19 16:52:44,474 [Worker-27: Launching Executing install in C__Users_kasso_Documents_TP_POO_API_Partie2_SANOGO_KASSOUM_TP4_API_POO_TP4_TP4_TP3-INFO2_TP3-INFO2] INFO  o.eclipse.m2e.core.internal.Bundles - 	Entry: C:\Users\kasso\.p2\pool\plugins\org.eclipse.m2e.maven.runtime_3.9.400.20230826-0755\jars\maven-settings-builder-3.9.4.jar
2023-12-19 16:52:44,474 [Worker-27: Launching Executing install in C__Users_kasso_Documents_TP_POO_API_Partie2_SANOGO_KASSOUM_TP4_API_POO_TP4_TP4_TP3-INFO2_TP3-INFO2] INFO  o.eclipse.m2e.core.internal.Bundles - 	Entry: C:\Users\kasso\.p2\pool\plugins\org.eclipse.m2e.maven.runtime_3.9.400.20230826-0755\jars\maven-shared-utils-3.3.4.jar
2023-12-19 16:52:44,474 [Worker-27: Launching Executing install in C__Users_kasso_Documents_TP_POO_API_Partie2_SANOGO_KASSOUM_TP4_API_POO_TP4_TP4_TP3-INFO2_TP3-INFO2] INFO  o.eclipse.m2e.core.internal.Bundles - 	Entry: C:\Users\kasso\.p2\pool\plugins\org.eclipse.m2e.maven.runtime_3.9.400.20230826-0755\jars\okhttp-3.14.1.jar
2023-12-19 16:52:44,474 [Worker-27: Launching Executing install in C__Users_kasso_Documents_TP_POO_API_Partie2_SANOGO_KASSOUM_TP4_API_POO_TP4_TP4_TP3-INFO2_TP3-INFO2] INFO  o.eclipse.m2e.core.internal.Bundles - 	Entry: C:\Users\kasso\.p2\pool\plugins\org.eclipse.m2e.maven.runtime_3.9.400.20230826-0755\jars\okio-1.17.3.jar
2023-12-19 16:52:44,475 [Worker-27: Launching Executing install in C__Users_kasso_Documents_TP_POO_API_Partie2_SANOGO_KASSOUM_TP4_API_POO_TP4_TP4_TP3-INFO2_TP3-INFO2] INFO  o.eclipse.m2e.core.internal.Bundles - 	Entry: C:\Users\kasso\.p2\pool\plugins\org.eclipse.m2e.maven.runtime_3.9.400.20230826-0755\jars\org.eclipse.sisu.inject-0.3.5.jar
2023-12-19 16:52:44,475 [Worker-27: Launching Executing install in C__Users_kasso_Documents_TP_POO_API_Partie2_SANOGO_KASSOUM_TP4_API_POO_TP4_TP4_TP3-INFO2_TP3-INFO2] INFO  o.eclipse.m2e.core.internal.Bundles - 	Entry: C:\Users\kasso\.p2\pool\plugins\org.eclipse.m2e.maven.runtime_3.9.400.20230826-0755\jars\org.eclipse.sisu.plexus-0.3.5.jar
2023-12-19 16:52:44,475 [Worker-27: Launching Executing install in C__Users_kasso_Documents_TP_POO_API_Partie2_SANOGO_KASSOUM_TP4_API_POO_TP4_TP4_TP3-INFO2_TP3-INFO2] INFO  o.eclipse.m2e.core.internal.Bundles - 	Entry: C:\Users\kasso\.p2\pool\plugins\org.eclipse.m2e.maven.runtime_3.9.400.20230826-0755\jars\plexus-build-api-0.0.7.jar
2023-12-19 16:52:44,475 [Worker-27: Launching Executing install in C__Users_kasso_Documents_TP_POO_API_Partie2_SANOGO_KASSOUM_TP4_API_POO_TP4_TP4_TP3-INFO2_TP3-INFO2] INFO  o.eclipse.m2e.core.internal.Bundles - 	Entry: C:\Users\kasso\.p2\pool\plugins\org.eclipse.m2e.maven.runtime_3.9.400.20230826-0755\jars\plexus-cipher-2.0.jar
2023-12-19 16:52:44,475 [Worker-27: Launching Executing install in C__Users_kasso_Documents_TP_POO_API_Partie2_SANOGO_KASSOUM_TP4_API_POO_TP4_TP4_TP3-INFO2_TP3-INFO2] INFO  o.eclipse.m2e.core.internal.Bundles - 	Entry: C:\Users\kasso\.p2\pool\plugins\org.eclipse.m2e.maven.runtime_3.9.400.20230826-0755\jars\plexus-classworlds-2.7.0.jar
2023-12-19 16:52:44,476 [Worker-27: Launching Executing install in C__Users_kasso_Documents_TP_POO_API_Partie2_SANOGO_KASSOUM_TP4_API_POO_TP4_TP4_TP3-INFO2_TP3-INFO2] INFO  o.eclipse.m2e.core.internal.Bundles - 	Entry: C:\Users\kasso\.p2\pool\plugins\org.eclipse.m2e.maven.runtime_3.9.400.20230826-0755\jars\plexus-component-annotations-2.1.0.jar
2023-12-19 16:52:44,476 [Worker-27: Launching Executing install in C__Users_kasso_Documents_TP_POO_API_Partie2_SANOGO_KASSOUM_TP4_API_POO_TP4_TP4_TP3-INFO2_TP3-INFO2] INFO  o.eclipse.m2e.core.internal.Bundles - 	Entry: C:\Users\kasso\.p2\pool\plugins\org.eclipse.m2e.maven.runtime_3.9.400.20230826-0755\jars\plexus-interpolation-1.26.jar
2023-12-19 16:52:44,477 [Worker-27: Launching Executing install in C__Users_kasso_Documents_TP_POO_API_Partie2_SANOGO_KASSOUM_TP4_API_POO_TP4_TP4_TP3-INFO2_TP3-INFO2] INFO  o.eclipse.m2e.core.internal.Bundles - 	Entry: C:\Users\kasso\.p2\pool\plugins\org.eclipse.m2e.maven.runtime_3.9.400.20230826-0755\jars\plexus-sec-dispatcher-2.0.jar
2023-12-19 16:52:44,477 [Worker-27: Launching Executing install in C__Users_kasso_Documents_TP_POO_API_Partie2_SANOGO_KASSOUM_TP4_API_POO_TP4_TP4_TP3-INFO2_TP3-INFO2] INFO  o.eclipse.m2e.core.internal.Bundles - 	Entry: C:\Users\kasso\.p2\pool\plugins\org.eclipse.m2e.maven.runtime_3.9.400.20230826-0755\jars\plexus-utils-3.5.1.jar
2023-12-19 16:52:44,477 [Worker-27: Launching Executing install in C__Users_kasso_Documents_TP_POO_API_Partie2_SANOGO_KASSOUM_TP4_API_POO_TP4_TP4_TP3-INFO2_TP3-INFO2] INFO  o.eclipse.m2e.core.internal.Bundles - 	Entry: C:\Users\kasso\.p2\pool\plugins\org.eclipse.m2e.maven.runtime_3.9.400.20230826-0755\jars\wagon-file-3.5.3.jar
2023-12-19 16:52:44,478 [Worker-27: Launching Executing install in C__Users_kasso_Documents_TP_POO_API_Partie2_SANOGO_KASSOUM_TP4_API_POO_TP4_TP4_TP3-INFO2_TP3-INFO2] INFO  o.eclipse.m2e.core.internal.Bundles - 	Entry: C:\Users\kasso\.p2\pool\plugins\org.eclipse.m2e.maven.runtime_3.9.400.20230826-0755\jars\wagon-provider-api-3.5.3.jar
2023-12-19 16:52:44,482 [Worker-27: Launching Executing install in C__Users_kasso_Documents_TP_POO_API_Partie2_SANOGO_KASSOUM_TP4_API_POO_TP4_TP4_TP3-INFO2_TP3-INFO2] INFO  o.eclipse.m2e.core.internal.Bundles - getClasspathEntries(Bundle=com.google.guava_32.1.2.jre [10])
2023-12-19 16:52:44,483 [Worker-27: Launching Executing install in C__Users_kasso_Documents_TP_POO_API_Partie2_SANOGO_KASSOUM_TP4_API_POO_TP4_TP4_TP3-INFO2_TP3-INFO2] INFO  o.eclipse.m2e.core.internal.Bundles - 	Entry: C:\Users\kasso\.p2\pool\plugins\com.google.guava_32.1.2.jre.jar
2023-12-19 16:52:44,483 [Worker-27: Launching Executing install in C__Users_kasso_Documents_TP_POO_API_Partie2_SANOGO_KASSOUM_TP4_API_POO_TP4_TP4_TP3-INFO2_TP3-INFO2] INFO  o.eclipse.m2e.core.internal.Bundles - getClasspathEntries(Bundle=slf4j.api_2.0.7 [518])
2023-12-19 16:52:44,484 [Worker-27: Launching Executing install in C__Users_kasso_Documents_TP_POO_API_Partie2_SANOGO_KASSOUM_TP4_API_POO_TP4_TP4_TP3-INFO2_TP3-INFO2] INFO  o.eclipse.m2e.core.internal.Bundles - 	Entry: C:\Users\kasso\.p2\pool\plugins\slf4j.api_2.0.7.jar
2023-12-19 16:52:44,484 [Worker-27: Launching Executing install in C__Users_kasso_Documents_TP_POO_API_Partie2_SANOGO_KASSOUM_TP4_API_POO_TP4_TP4_TP3-INFO2_TP3-INFO2] INFO  o.eclipse.m2e.core.internal.Bundles - getClasspathEntries(Bundle=javax.inject_1.0.0.v20220405-0441 [26])
2023-12-19 16:52:44,485 [Worker-27: Launching Executing install in C__Users_kasso_Documents_TP_POO_API_Partie2_SANOGO_KASSOUM_TP4_API_POO_TP4_TP4_TP3-INFO2_TP3-INFO2] INFO  o.eclipse.m2e.core.internal.Bundles - 	Entry: C:\Users\kasso\.p2\pool\plugins\javax.inject_1.0.0.v20220405-0441.jar
2023-12-19 16:52:44,485 [Worker-27: Launching Executing install in C__Users_kasso_Documents_TP_POO_API_Partie2_SANOGO_KASSOUM_TP4_API_POO_TP4_TP4_TP3-INFO2_TP3-INFO2] INFO  o.eclipse.m2e.core.internal.Bundles - getClasspathEntries(Bundle=javax.annotation_1.3.5.v20200909-1856 [24])
2023-12-19 16:52:44,486 [Worker-27: Launching Executing install in C__Users_kasso_Documents_TP_POO_API_Partie2_SANOGO_KASSOUM_TP4_API_POO_TP4_TP4_TP3-INFO2_TP3-INFO2] INFO  o.eclipse.m2e.core.internal.Bundles - 	Entry: C:\Users\kasso\.p2\pool\plugins\javax.annotation_1.3.5.v20200909-1856.jar
2023-12-19 16:52:44,486 [Worker-27: Launching Executing install in C__Users_kasso_Documents_TP_POO_API_Partie2_SANOGO_KASSOUM_TP4_API_POO_TP4_TP4_TP3-INFO2_TP3-INFO2] INFO  o.eclipse.m2e.core.internal.Bundles - getClasspathEntries(Bundle=org.apache.commons.cli_1.5.0 [49])
2023-12-19 16:52:44,487 [Worker-27: Launching Executing install in C__Users_kasso_Documents_TP_POO_API_Partie2_SANOGO_KASSOUM_TP4_API_POO_TP4_TP4_TP3-INFO2_TP3-INFO2] INFO  o.eclipse.m2e.core.internal.Bundles - 	Entry: C:\Users\kasso\.p2\pool\plugins\org.apache.commons.cli_1.5.0.jar
2023-12-19 16:52:44,487 [Worker-27: Launching Executing install in C__Users_kasso_Documents_TP_POO_API_Partie2_SANOGO_KASSOUM_TP4_API_POO_TP4_TP4_TP3-INFO2_TP3-INFO2] INFO  o.eclipse.m2e.core.internal.Bundles - getClasspathEntries(Bundle=com.google.guava.failureaccess_1.0.1 [12])
2023-12-19 16:52:44,488 [Worker-27: Launching Executing install in C__Users_kasso_Documents_TP_POO_API_Partie2_SANOGO_KASSOUM_TP4_API_POO_TP4_TP4_TP3-INFO2_TP3-INFO2] INFO  o.eclipse.m2e.core.internal.Bundles - 	Entry: C:\Users\kasso\.p2\pool\plugins\com.google.guava.failureaccess_1.0.1.jar
2023-12-19 16:52:44,498 [Worker-27: Launching Executing install in C__Users_kasso_Documents_TP_POO_API_Partie2_SANOGO_KASSOUM_TP4_API_POO_TP4_TP4_TP3-INFO2_TP3-INFO2] INFO  o.e.m.i.launch.MavenLaunchDelegate - Run build in "C:\Users\kasso\Documents\TP_POO_API_Partie2_SANOGO_KASSOUM\TP4_API_POO\TP4\TP4\TP3-INFO2\TP3-INFO2":
2023-12-19 16:52:44,507 [Worker-27: Launching Executing install in C__Users_kasso_Documents_TP_POO_API_Partie2_SANOGO_KASSOUM_TP4_API_POO_TP4_TP4_TP3-INFO2_TP3-INFO2] INFO  o.e.m.i.launch.MavenLaunchDelegate -  mvn  -B -Dstyle.color=always install
2023-12-19 16:53:06,388 [Worker-3: Building] INFO  o.e.m.c.i.embedder.EclipseLogger - Using 'UTF-8' encoding to copy filtered resources.
2023-12-19 16:53:06,388 [Worker-3: Building] INFO  o.e.m.c.i.embedder.EclipseLogger - Using 'UTF-8' encoding to copy filtered properties files.
2023-12-19 16:53:06,407 [Worker-3: Building] INFO  o.e.m.c.i.embedder.EclipseLogger - Copying 1 resource
2023-12-19 16:53:06,486 [Worker-3: Building] INFO  o.e.m.c.i.embedder.EclipseLogger - Copying 48 resources
2023-12-19 16:53:06,520 [Worker-3: Building] INFO  o.e.m.c.i.embedder.EclipseLogger - Using 'UTF-8' encoding to copy filtered resources.
2023-12-19 16:53:06,521 [Worker-3: Building] INFO  o.e.m.c.i.embedder.EclipseLogger - Using 'UTF-8' encoding to copy filtered properties files.
2023-12-19 16:53:06,521 [Worker-3: Building] INFO  o.e.m.c.i.embedder.EclipseLogger - skip non existing resourceDirectory C:\Users\kasso\Documents\TP_POO_API_Partie2_SANOGO_KASSOUM\TP4_API_POO\TP4\TP4\TP3-INFO2\TP3-INFO2\src\test\resources
2023-12-19 16:54:53,761 [Worker-18: Importing Maven projects] INFO  o.e.m.c.i.l.LifecycleMappingFactory - Using org.eclipse.m2e.jdt.JarLifecycleMapping lifecycle mapping for MavenProject: tp.ensim:TP3-INFO2:0.0.1-SNAPSHOT @ C:\Users\kasso\Documents\TP_POO_API_Partie2_SANOGO_KASSOUM\TP4_API_POO\TP4\TP4\TP3-INFO2\TP3-INFO2\pom.xml.
2023-12-19 16:54:54,079 [Worker-18: Importing Maven projects] WARN  o.e.m.c.i.embedder.EclipseLogger - The artifact mysql:mysql-connector-java:jar:8.0.31 has been relocated to com.mysql:mysql-connector-j:jar:8.0.31: MySQL Connector/J artifacts moved to reverse-DNS compliant Maven 2+ coordinates.
2023-12-19 16:54:55,333 [Worker-18: Importing Maven projects] INFO  o.e.m.j.i.AbstractJavaProjectConfigurator - Adding source folder /TP3-INFO2/src/main/java
2023-12-19 16:54:55,333 [Worker-18: Importing Maven projects] INFO  o.e.m.j.i.AbstractJavaProjectConfigurator - Adding resource folder /TP3-INFO2/src/main/resources
2023-12-19 16:54:55,334 [Worker-18: Importing Maven projects] INFO  o.e.m.j.i.AbstractJavaProjectConfigurator - Adding resource folder /TP3-INFO2/src/main/resources
2023-12-19 16:54:55,339 [Worker-18: Importing Maven projects] INFO  o.e.m.j.i.AbstractJavaProjectConfigurator - Adding source folder /TP3-INFO2/src/test/java
2023-12-19 16:54:55,340 [Worker-18: Importing Maven projects] INFO  o.e.m.j.i.AbstractJavaProjectConfigurator - Adding resource folder /TP3-INFO2/src/test/resources
2023-12-19 16:54:55,744 [Worker-18: Importing Maven projects] INFO  o.e.m.c.i.p.ProjectConfigurationManager - Imported and configured 1 project(s) in 2 sec
2023-12-19 16:54:57,156 [Worker-23: Building] INFO  o.e.m.c.i.embedder.EclipseLogger - Using 'UTF-8' encoding to copy filtered resources.
2023-12-19 16:54:57,156 [Worker-23: Building] INFO  o.e.m.c.i.embedder.EclipseLogger - Using 'UTF-8' encoding to copy filtered properties files.
2023-12-19 16:54:57,158 [Worker-23: Building] INFO  o.e.m.c.i.embedder.EclipseLogger - Copying 1 resource
2023-12-19 16:54:57,221 [Worker-23: Building] INFO  o.e.m.c.i.embedder.EclipseLogger - Copying 48 resources
2023-12-19 16:54:59,187 [Worker-23: Building] INFO  o.e.m.c.i.embedder.EclipseLogger - Using 'UTF-8' encoding to copy filtered resources.
2023-12-19 16:54:59,188 [Worker-23: Building] INFO  o.e.m.c.i.embedder.EclipseLogger - Using 'UTF-8' encoding to copy filtered properties files.
2023-12-19 16:54:59,188 [Worker-23: Building] INFO  o.e.m.c.i.embedder.EclipseLogger - skip non existing resourceDirectory C:\Users\kasso\Documents\TP_POO_API_Partie2_SANOGO_KASSOUM\TP4_API_POO\TP4\TP4\TP3-INFO2\TP3-INFO2\src\test\resources
